#-----------------------------------------------------------
# Vivado v2025.2 (64-bit)
# SW Build 6299465 on Fri Nov 14 19:35:11 GMT 2025
# IP Build 6300035 on Fri Nov 14 10:48:45 MST 2025
# SharedData Build 6298862 on Thu Nov 13 04:50:51 MST 2025
# Start of session at: Mon Jun 22 20:05:16 2026
# Process ID         : 43220
# Current directory  : D:/zizim/Documents/UJN_HW/proj2
# Command line       : vivado.exe -mode batch -source D:/zizim/Documents/UJN_HW/proj2/vivado/bpsk/create_project.tcl
# Log file           : D:/zizim/Documents/UJN_HW/proj2/vivado.log
# Journal file       : D:/zizim/Documents/UJN_HW/proj2\vivado.jou
# Running On         : DESKTOP-C0BNLNU
# Platform           : Windows Server 2016 or Windows 10
# Operating System   : 26200
# Processor Detail   : 13th Gen Intel(R) Core(TM) i9-13900HX
# CPU Frequency      : 2419 MHz
# CPU Physical cores : 24
# CPU Logical cores  : 32
# Host memory        : 42655 MB
# Swap memory        : 8227 MB
# Total Virtual      : 50883 MB
# Available Virtual  : 838 MB
#-----------------------------------------------------------
source D:/zizim/Documents/UJN_HW/proj2/vivado/bpsk/create_project.tcl
# set project_dir [file dirname [file dirname [file dirname [info script]]]]
# cd $project_dir
# set src_dir  hdl_prj/hdlsrc/bpsk_hdl_cosim/bpsk_hdl_cosim
# set tb_dir   hdl_prj/hdlsrc
# create_project bpsk vivado/bpsk -part xc7z020clg400-2 -force
# set_property target_language Verilog [current_project]
# add_files -norecurse [list \
#     $src_dir/DUT.v \
#     $src_dir/BPSK_Mod_HDL.v \
#     $src_dir/BPSK_Demod_HDL.v \
#     $src_dir/CmpZero.v \
# ]
# add_files -fileset sim_1 -norecurse [list \
#     $tb_dir/tb_DUT.sv \
# ]
# set_property top tb_DUT [get_filesets sim_1]
# set_property top_lib xil_defaultlib [get_filesets sim_1]
# set_property -name {xsim.simulate.runtime} -value {50us} -objects [get_filesets sim_1]
# set_property -name {xsim.simulate.log_all_signals} -value {true} -objects [get_filesets sim_1]
# puts "========================================"
========================================
# puts "  Vivado project created: vivado/bpsk/bpsk.xpr"
  Vivado project created: vivado/bpsk/bpsk.xpr
# puts "  Target: xc7z020-2clg400"
  Target: xc7z020-2clg400
# puts "========================================"
========================================
# puts ""

# puts "Next: open project in Vivado GUI and run simulation,"
Next: open project in Vivado GUI and run simulation,
# puts "  or run: source vivado/bpsk/sim_bpsk.tcl"
  or run: source vivado/bpsk/sim_bpsk.tcl
INFO: [Common 17-206] Exiting Vivado at Mon Jun 22 20:05:24 2026...
